<?xml version="1.0" encoding="UTF-8"?>
<testsuite name="autotests.Quack.EvenIdQuackTest" time="0.0" tests="2" errors="0" skipped="0" failures="0">
    <testcase name="EvenIdQuackTest.successfulEvenQuack" classname="autotests.Quack.EvenIdQuackTest" time="0.0"/>
    <testcase name="EvenIdQuackTest.successfulEvenQuack" classname="autotests.Quack.EvenIdQuackTest" time="0.0"/>
</testsuite>