<?xml version="1.0" encoding="UTF-8"?>
<testsuite name="autotests.duckController.UpdateDuckTest" time="0.0" tests="2" errors="0" skipped="0" failures="0">
    <testcase name="UpdateDuckTest.updateColorHeight" classname="autotests.duckController.UpdateDuckTest" time="0.0"/>
    <testcase name="UpdateDuckTest.updateColorSound" classname="autotests.duckController.UpdateDuckTest" time="0.0"/>
</testsuite>