<?xml version="1.0" encoding="UTF-8"?>
<testsuite name="autotests.duckController.CreateDuckTest" time="0.0" tests="2" errors="0" skipped="0" failures="0">
    <testcase name="CreateDuckTest.createRubberDuck" classname="autotests.duckController.CreateDuckTest" time="0.0"/>
    <testcase name="CreateDuckTest.createWoodDuck" classname="autotests.duckController.CreateDuckTest" time="0.0"/>
</testsuite>