<?xml version="1.0" encoding="UTF-8"?>
<testsuite name="autotests.duckActionController.PropertiesDuckTest" time="0.0" tests="2" errors="0" skipped="0" failures="0">
    <testcase name="PropertiesDuckTest.propertiesRubber" classname="autotests.duckActionController.PropertiesDuckTest" time="0.0"/>
    <testcase name="PropertiesDuckTest.propertiesWood" classname="autotests.duckActionController.PropertiesDuckTest" time="0.0"/>
</testsuite>