<?xml version="1.0" encoding="UTF-8"?>
<testsuite name="autotests.duckActionController.QuackDuckTest" time="0.0" tests="2" errors="0" skipped="0" failures="0">
    <testcase name="QuackDuckTest.evenQuack" classname="autotests.duckActionController.QuackDuckTest" time="0.0"/>
    <testcase name="QuackDuckTest.oddQuack" classname="autotests.duckActionController.QuackDuckTest" time="0.0"/>
</testsuite>