<?xml version="1.0" encoding="UTF-8"?>
<testsuite name="autotests.Properties.PropertiesWoodTest" time="0.0" tests="2" errors="0" skipped="0" failures="0">
    <testcase name="PropertiesWoodTest.successfulPropertiesWood" classname="autotests.Properties.PropertiesWoodTest" time="0.0"/>
    <testcase name="PropertiesWoodTest.successfulPropertiesWood" classname="autotests.Properties.PropertiesWoodTest" time="0.0"/>
</testsuite>