<?xml version="1.0" encoding="UTF-8"?>
<testsuite name="autotests.duckActionController.FlyDuckTest" time="0.0" tests="3" errors="0" skipped="0" failures="0">
    <testcase name="FlyDuckTest.flyActive" classname="autotests.duckActionController.FlyDuckTest" time="0.0"/>
    <testcase name="FlyDuckTest.flyFixed" classname="autotests.duckActionController.FlyDuckTest" time="0.0"/>
    <testcase name="FlyDuckTest.flyUndefined" classname="autotests.duckActionController.FlyDuckTest" time="0.0"/>
</testsuite>