<?xml version="1.0" encoding="UTF-8"?>
<testsuite name="autotests.Quack.OddIdQuackTest" time="0.0" tests="1" errors="0" skipped="0" failures="0">
    <testcase name="OddIdQuackTest.oddQuack" classname="autotests.Quack.OddIdQuackTest" time="0.0"/>
</testsuite>